[2014-08-01 02:29:53] production.ERROR: exception 'Symfony\Component\HttpKernel\Exception\NotFoundHttpException' in /opt/lampp/htdocs/laravel4/bootstrap/compiled.php:5531
Stack trace:
#0 /opt/lampp/htdocs/laravel4/bootstrap/compiled.php(4848): Illuminate\Routing\RouteCollection->match(Object(Illuminate\Http\Request))
#1 /opt/lampp/htdocs/laravel4/bootstrap/compiled.php(4836): Illuminate\Routing\Router->findRoute(Object(Illuminate\Http\Request))
#2 /opt/lampp/htdocs/laravel4/bootstrap/compiled.php(4828): Illuminate\Routing\Router->dispatchToRoute(Object(Illuminate\Http\Request))
#3 /opt/lampp/htdocs/laravel4/bootstrap/compiled.php(721): Illuminate\Routing\Router->dispatch(Object(Illuminate\Http\Request))
#4 /opt/lampp/htdocs/laravel4/bootstrap/compiled.php(702): Illuminate\Foundation\Application->dispatch(Object(Illuminate\Http\Request))
#5 /opt/lampp/htdocs/laravel4/bootstrap/compiled.php(7533): Illuminate\Foundation\Application->handle(Object(Illuminate\Http\Request), 1, true)
#6 /opt/lampp/htdocs/laravel4/bootstrap/compiled.php(8136): Illuminate\Session\Middleware->handle(Object(Illuminate\Http\Request), 1, true)
#7 /opt/lampp/htdocs/laravel4/bootstrap/compiled.php(8083): Illuminate\Cookie\Queue->handle(Object(Illuminate\Http\Request), 1, true)
#8 /opt/lampp/htdocs/laravel4/bootstrap/compiled.php(10719): Illuminate\Cookie\Guard->handle(Object(Illuminate\Http\Request), 1, true)
#9 /opt/lampp/htdocs/laravel4/bootstrap/compiled.php(663): Stack\StackedHttpKernel->handle(Object(Illuminate\Http\Request))
#10 /opt/lampp/htdocs/laravel4/public/index.php(49): Illuminate\Foundation\Application->run()
#11 {main} [] []
[2014-08-01 02:30:02] production.ERROR: exception 'Symfony\Component\HttpKernel\Exception\NotFoundHttpException' in /opt/lampp/htdocs/laravel4/bootstrap/compiled.php:5531
Stack trace:
#0 /opt/lampp/htdocs/laravel4/bootstrap/compiled.php(4848): Illuminate\Routing\RouteCollection->match(Object(Illuminate\Http\Request))
#1 /opt/lampp/htdocs/laravel4/bootstrap/compiled.php(4836): Illuminate\Routing\Router->findRoute(Object(Illuminate\Http\Request))
#2 /opt/lampp/htdocs/laravel4/bootstrap/compiled.php(4828): Illuminate\Routing\Router->dispatchToRoute(Object(Illuminate\Http\Request))
#3 /opt/lampp/htdocs/laravel4/bootstrap/compiled.php(721): Illuminate\Routing\Router->dispatch(Object(Illuminate\Http\Request))
#4 /opt/lampp/htdocs/laravel4/bootstrap/compiled.php(702): Illuminate\Foundation\Application->dispatch(Object(Illuminate\Http\Request))
#5 /opt/lampp/htdocs/laravel4/bootstrap/compiled.php(7533): Illuminate\Foundation\Application->handle(Object(Illuminate\Http\Request), 1, true)
#6 /opt/lampp/htdocs/laravel4/bootstrap/compiled.php(8136): Illuminate\Session\Middleware->handle(Object(Illuminate\Http\Request), 1, true)
#7 /opt/lampp/htdocs/laravel4/bootstrap/compiled.php(8083): Illuminate\Cookie\Queue->handle(Object(Illuminate\Http\Request), 1, true)
#8 /opt/lampp/htdocs/laravel4/bootstrap/compiled.php(10719): Illuminate\Cookie\Guard->handle(Object(Illuminate\Http\Request), 1, true)
#9 /opt/lampp/htdocs/laravel4/bootstrap/compiled.php(663): Stack\StackedHttpKernel->handle(Object(Illuminate\Http\Request))
#10 /opt/lampp/htdocs/laravel4/public/index.php(49): Illuminate\Foundation\Application->run()
#11 {main} [] []
[2014-08-14 00:48:21] production.ERROR: exception 'Symfony\Component\HttpKernel\Exception\NotFoundHttpException' in /opt/lampp/htdocs/estatistica-laravel/bootstrap/compiled.php:5531
Stack trace:
#0 /opt/lampp/htdocs/estatistica-laravel/bootstrap/compiled.php(4848): Illuminate\Routing\RouteCollection->match(Object(Illuminate\Http\Request))
#1 /opt/lampp/htdocs/estatistica-laravel/bootstrap/compiled.php(4836): Illuminate\Routing\Router->findRoute(Object(Illuminate\Http\Request))
#2 /opt/lampp/htdocs/estatistica-laravel/bootstrap/compiled.php(4828): Illuminate\Routing\Router->dispatchToRoute(Object(Illuminate\Http\Request))
#3 /opt/lampp/htdocs/estatistica-laravel/bootstrap/compiled.php(721): Illuminate\Routing\Router->dispatch(Object(Illuminate\Http\Request))
#4 /opt/lampp/htdocs/estatistica-laravel/bootstrap/compiled.php(702): Illuminate\Foundation\Application->dispatch(Object(Illuminate\Http\Request))
#5 /opt/lampp/htdocs/estatistica-laravel/bootstrap/compiled.php(7533): Illuminate\Foundation\Application->handle(Object(Illuminate\Http\Request), 1, true)
#6 /opt/lampp/htdocs/estatistica-laravel/bootstrap/compiled.php(8136): Illuminate\Session\Middleware->handle(Object(Illuminate\Http\Request), 1, true)
#7 /opt/lampp/htdocs/estatistica-laravel/bootstrap/compiled.php(8083): Illuminate\Cookie\Queue->handle(Object(Illuminate\Http\Request), 1, true)
#8 /opt/lampp/htdocs/estatistica-laravel/bootstrap/compiled.php(10719): Illuminate\Cookie\Guard->handle(Object(Illuminate\Http\Request), 1, true)
#9 /opt/lampp/htdocs/estatistica-laravel/bootstrap/compiled.php(663): Stack\StackedHttpKernel->handle(Object(Illuminate\Http\Request))
#10 /opt/lampp/htdocs/estatistica-laravel/public/index.php(49): Illuminate\Foundation\Application->run()
#11 /opt/lampp/htdocs/estatistica-laravel/index.php(19): require_once('/opt/lampp/htdo...')
#12 {main} [] []
